<?xml version="1.0" encoding="UTF-8"?>
<!-- Generated by org.testng.reporters.JUnitReportReporter -->
<testsuite hostname="LAPTOP-OR5OMT53" failures="0" tests="4" name="BeforeTest.c1" time="0.011" errors="0" timestamp="2024-07-15T21:52:00 IST" skipped="1">
  <testcase classname="BeforeTest.c1" name="bcd" time="0.009"/>
  <system-out/>
  <testcase classname="BeforeTest.c1" name="bcd" time="0.001"/>
  <system-out/>
  <testcase classname="BeforeTest.c1" name="bcd" time="0.001"/>
  <system-out/>
  <testcase classname="BeforeTest.c1" name="efg">
    <skipped/>
  </testcase> <!-- efg -->
  <system-out/>
</testsuite> <!-- BeforeTest.c1 -->
