<?xml version="1.0" encoding="UTF-8"?>
<!-- Generated by org.testng.reporters.JUnitReportReporter -->
<testsuite hostname="LAPTOP-OR5OMT53" failures="0" tests="2" name="BeforeTest.c2" time="0.009" errors="0" timestamp="2024-07-15T21:44:53 IST" skipped="0">
  <testcase classname="BeforeTest.c2" name="fish" time="0.007"/>
  <system-out/>
  <testcase classname="BeforeTest.c2" name="abc" time="0.002"/>
  <system-out/>
</testsuite> <!-- BeforeTest.c2 -->
