<?xml version="1.0" encoding="UTF-8"?>
<!-- Generated by org.testng.reporters.JUnitReportReporter -->
<testsuite hostname="LAPTOP-OR5OMT53" failures="0" tests="2" name="TestAnno.Tc1" time="0.010" errors="0" timestamp="2024-07-12T21:40:16 IST" skipped="0">
  <testcase classname="TestAnno.Tc1" name="login" time="0.009"/>
  <system-out/>
  <testcase classname="TestAnno.Tc1" name="logout" time="0.001"/>
  <system-out/>
</testsuite> <!-- TestAnno.Tc1 -->
