<?xml version="1.0" encoding="UTF-8"?>
<!-- Generated by org.testng.reporters.JUnitReportReporter -->
<testsuite hostname="LAPTOP-OR5OMT53" failures="0" tests="3" name="TestAnno.TC" time="0.017" errors="0" timestamp="2024-07-12T18:21:13 IST" skipped="0">
  <testcase classname="TestAnno.TC" name="login" time="0.014"/>
  <system-out/>
  <testcase classname="TestAnno.TC" name="openApp" time="0.002"/>
  <system-out/>
  <testcase classname="TestAnno.TC" name="logout" time="0.001"/>
  <system-out/>
</testsuite> <!-- TestAnno.TC -->
