<?xml version="1.0" encoding="UTF-8"?>
<!-- Generated by org.testng.reporters.JUnitReportReporter -->
<testsuite hostname="LAPTOP-OR5OMT53" failures="0" tests="1" name="Grouping.SignupTests" time="0.001" errors="0" timestamp="2024-07-16T15:45:13 IST" skipped="0">
  <testcase classname="Grouping.SignupTests" name="signupByTwitter" time="0.001"/>
  <system-out/>
</testsuite> <!-- Grouping.SignupTests -->
