<?xml version="1.0" encoding="UTF-8"?>
<!-- Generated by org.testng.reporters.JUnitReportReporter -->
<testsuite hostname="LAPTOP-OR5OMT53" failures="0" tests="3" name="TestAnno.OrangeHrm" time="20.715" errors="0" timestamp="2024-07-12T21:40:16 IST" skipped="0">
  <testcase classname="TestAnno.OrangeHrm" name="OpenApp" time="17.405"/>
  <system-out/>
  <testcase classname="TestAnno.OrangeHrm" name="Logo_Presence" time="3.046"/>
  <system-out/>
  <testcase classname="TestAnno.OrangeHrm" name="close" time="0.264"/>
  <system-out/>
</testsuite> <!-- TestAnno.OrangeHrm -->
