<?xml version="1.0" encoding="UTF-8"?>
<!-- Generated by org.testng.reporters.JUnitReportReporter -->
<testsuite hostname="LAPTOP-OR5OMT53" failures="0" tests="2" name="TestAnno.BeforeAnnno" time="0.006" errors="0" timestamp="2024-07-13T19:27:09 IST" skipped="0">
  <testcase classname="TestAnno.BeforeAnnno" name="search" time="0.005"/>
  <system-out/>
  <testcase classname="TestAnno.BeforeAnnno" name="Adv_search" time="0.001"/>
  <system-out/>
</testsuite> <!-- TestAnno.BeforeAnnno -->
